# JRE version: OpenJDK Runtime Environment (20.0.1+9) (build 20.0.1+9-29)
# Java VM: OpenJDK 64-Bit Server VM (20.0.1+9-29, mixed mode, sharing, tiered, compressed oops, compressed class ptrs, g1 gc, linux-amd64)
GC Precious Log:
 CardTable entry size: 512
 Card Set container configuration: InlinePtr #cards 4 size 8 Array Of Cards #cards 16 size 48 Howl #buckets 8 coarsen threshold 3686 Howl Bitmap #cards 512 size 80 coarsen threshold 460 Card regions per heap region 1 cards per card region 4096
 CPUs: 4 total, 4 available
 Memory: 15978M
 Large Page Support: Disabled
 NUMA Support: Disabled
 Compressed Oops: Enabled (Zero based)
 Heap Region Size: 2M
 Heap Min Capacity: 8M
 Heap Initial Capacity: 250M
 Heap Max Capacity: 3996M
 Pre-touch: Disabled
 Parallel Workers: 4
 Concurrent Workers: 1
 Concurrent Refinement Workers: 4
 Periodic GC: Disabled
Heap:
 garbage-first heap   total 75776K, used 17850K [0x0000000706400000, 0x0000000800000000)
  region size 2048K, 4 young (8192K), 3 survivors (6144K)
 Metaspace       used 21147K, committed 21568K, reserved 1114112K
  class space    used 2892K, committed 3072K, reserved 1048576K
GC Heap History (8 events):
Event: 0,359 GC heap before
{Heap before GC invocations=0 (full 0):
 garbage-first heap   total 260096K, used 14316K [0x0000000706400000, 0x0000000800000000)
  region size 2048K, 6 young (12288K), 0 survivors (0K)
 Metaspace       used 3494K, committed 3712K, reserved 1114112K
  class space    used 378K, committed 448K, reserved 1048576K
}
Event: 0,367 GC heap after
{Heap after GC invocations=1 (full 0):
 garbage-first heap   total 260096K, used 3622K [0x0000000706400000, 0x0000000800000000)
  region size 2048K, 1 young (2048K), 1 survivors (2048K)
 Metaspace       used 3494K, committed 3712K, reserved 1114112K
  class space    used 378K, committed 448K, reserved 1048576K
}
Event: 0,982 GC heap before
{Heap before GC invocations=1 (full 0):
 garbage-first heap   total 260096K, used 30246K [0x0000000706400000, 0x0000000800000000)
  region size 2048K, 14 young (28672K), 1 survivors (2048K)
 Metaspace       used 11526K, committed 11840K, reserved 1114112K
  class space    used 1616K, committed 1792K, reserved 1048576K
}
Event: 0,994 GC heap after
{Heap after GC invocations=2 (full 0):
 garbage-first heap   total 260096K, used 9662K [0x0000000706400000, 0x0000000800000000)
  region size 2048K, 2 young (4096K), 2 survivors (4096K)
 Metaspace       used 11526K, committed 11840K, reserved 1114112K
  class space    used 1616K, committed 1792K, reserved 1048576K
}
Event: 113,916 GC heap before
{Heap before GC invocations=2 (full 0):
 garbage-first heap   total 260096K, used 93630K [0x0000000706400000, 0x0000000800000000)
  region size 2048K, 41 young (83968K), 2 survivors (4096K)
 Metaspace       used 21012K, committed 21376K, reserved 1114112K
  class space    used 2890K, committed 3072K, reserved 1048576K
}
Event: 113,942 GC heap after
{Heap after GC invocations=3 (full 0):
 garbage-first heap   total 260096K, used 19373K [0x0000000706400000, 0x0000000800000000)
  region size 2048K, 6 young (12288K), 6 survivors (12288K)
 Metaspace       used 21012K, committed 21376K, reserved 1114112K
  class space    used 2890K, committed 3072K, reserved 1048576K
}
Event: 118,057 GC heap before
{Heap before GC invocations=3 (full 0):
 garbage-first heap   total 260096K, used 27565K [0x0000000706400000, 0x0000000800000000)
  region size 2048K, 11 young (22528K), 6 survivors (12288K)
 Metaspace       used 21145K, committed 21504K, reserved 1114112K
  class space    used 2892K, committed 3072K, reserved 1048576K
}
Event: 118,086 GC heap after
{Heap after GC invocations=4 (full 0):
 garbage-first heap   total 260096K, used 17850K [0x0000000706400000, 0x0000000800000000)
  region size 2048K, 3 young (6144K), 3 survivors (6144K)
 Metaspace       used 21145K, committed 21504K, reserved 1114112K
  class space    used 2892K, committed 3072K, reserved 1048576K
}

