# JRE version: OpenJDK Runtime Environment (20.0.1+9) (build 20.0.1+9-29)
# Java VM: OpenJDK 64-Bit Server VM (20.0.1+9-29, mixed mode, sharing, tiered, compressed oops, compressed class ptrs, g1 gc, linux-amd64)
GC Precious Log:
 CardTable entry size: 512
 Card Set container configuration: InlinePtr #cards 4 size 8 Array Of Cards #cards 16 size 48 Howl #buckets 8 coarsen threshold 3686 Howl Bitmap #cards 512 size 80 coarsen threshold 460 Card regions per heap region 1 cards per card region 4096
 CPUs: 4 total, 4 available
 Memory: 15978M
 Large Page Support: Disabled
 NUMA Support: Disabled
 Compressed Oops: Enabled (Zero based)
 Heap Region Size: 2M
 Heap Min Capacity: 8M
 Heap Initial Capacity: 250M
 Heap Max Capacity: 3996M
 Pre-touch: Disabled
 Parallel Workers: 4
 Concurrent Workers: 1
 Concurrent Refinement Workers: 4
 Periodic GC: Disabled
Heap:
 garbage-first heap   total 90112K, used 21831K [0x0000000706400000, 0x0000000800000000)
  region size 2048K, 2 young (4096K), 1 survivors (2048K)
 Metaspace       used 21121K, committed 21568K, reserved 1114112K
  class space    used 2984K, committed 3200K, reserved 1048576K
GC Heap History (8 events):
Event: 0,340 GC heap before
{Heap before GC invocations=0 (full 0):
 garbage-first heap   total 260096K, used 14316K [0x0000000706400000, 0x0000000800000000)
  region size 2048K, 6 young (12288K), 0 survivors (0K)
 Metaspace       used 3491K, committed 3712K, reserved 1114112K
  class space    used 377K, committed 448K, reserved 1048576K
}
Event: 0,348 GC heap after
{Heap after GC invocations=1 (full 0):
 garbage-first heap   total 260096K, used 3558K [0x0000000706400000, 0x0000000800000000)
  region size 2048K, 1 young (2048K), 1 survivors (2048K)
 Metaspace       used 3491K, committed 3712K, reserved 1114112K
  class space    used 377K, committed 448K, reserved 1048576K
}
Event: 1,072 GC heap before
{Heap before GC invocations=1 (full 0):
 garbage-first heap   total 260096K, used 34278K [0x0000000706400000, 0x0000000800000000)
  region size 2048K, 16 young (32768K), 1 survivors (2048K)
 Metaspace       used 12566K, committed 12928K, reserved 1114112K
  class space    used 1786K, committed 1984K, reserved 1048576K
}
Event: 1,078 GC heap after
{Heap after GC invocations=2 (full 0):
 garbage-first heap   total 260096K, used 10203K [0x0000000706400000, 0x0000000800000000)
  region size 2048K, 2 young (4096K), 2 survivors (4096K)
 Metaspace       used 12566K, committed 12928K, reserved 1114112K
  class space    used 1786K, committed 1984K, reserved 1048576K
}
Event: 61,841 GC heap before
{Heap before GC invocations=2 (full 0):
 garbage-first heap   total 260096K, used 79835K [0x0000000706400000, 0x0000000800000000)
  region size 2048K, 34 young (69632K), 2 survivors (4096K)
 Metaspace       used 21082K, committed 21504K, reserved 1114112K
  class space    used 2984K, committed 3200K, reserved 1048576K
}
Event: 61,871 GC heap after
{Heap after GC invocations=3 (full 0):
 garbage-first heap   total 260096K, used 19847K [0x0000000706400000, 0x0000000800000000)
  region size 2048K, 5 young (10240K), 5 survivors (10240K)
 Metaspace       used 21082K, committed 21504K, reserved 1114112K
  class space    used 2984K, committed 3200K, reserved 1048576K
}
Event: 62,425 GC heap before
{Heap before GC invocations=3 (full 0):
 garbage-first heap   total 260096K, used 19847K [0x0000000706400000, 0x0000000800000000)
  region size 2048K, 6 young (12288K), 5 survivors (10240K)
 Metaspace       used 21109K, committed 21504K, reserved 1114112K
  class space    used 2984K, committed 3200K, reserved 1048576K
}
Event: 62,440 GC heap after
{Heap after GC invocations=4 (full 0):
 garbage-first heap   total 260096K, used 21831K [0x0000000706400000, 0x0000000800000000)
  region size 2048K, 1 young (2048K), 1 survivors (2048K)
 Metaspace       used 21109K, committed 21504K, reserved 1114112K
  class space    used 2984K, committed 3200K, reserved 1048576K
}

